c:\users\tom\onedrive\documents\courses\game3001 - artificial intelligence\week 5\session2\template v5\template\intermediate\debug\vc141.pdb
c:\users\tom\onedrive\documents\courses\game3001 - artificial intelligence\week 5\session2\template v5\template\intermediate\debug\vc141.idb
c:\users\tom\onedrive\documents\courses\game3001 - artificial intelligence\week 5\session2\template v5\template\intermediate\debug\util.obj
c:\users\tom\onedrive\documents\courses\game3001 - artificial intelligence\week 5\session2\template v5\template\intermediate\debug\tile.obj
c:\users\tom\onedrive\documents\courses\game3001 - artificial intelligence\week 5\session2\template v5\template\intermediate\debug\texturemanager.obj
c:\users\tom\onedrive\documents\courses\game3001 - artificial intelligence\week 5\session2\template v5\template\intermediate\debug\target.obj
c:\users\tom\onedrive\documents\courses\game3001 - artificial intelligence\week 5\session2\template v5\template\intermediate\debug\soundmanager.obj
c:\users\tom\onedrive\documents\courses\game3001 - artificial intelligence\week 5\session2\template v5\template\intermediate\debug\ship.obj
c:\users\tom\onedrive\documents\courses\game3001 - artificial intelligence\week 5\session2\template v5\template\intermediate\debug\planet.obj
c:\users\tom\onedrive\documents\courses\game3001 - artificial intelligence\week 5\session2\template v5\template\intermediate\debug\mine.obj
c:\users\tom\onedrive\documents\courses\game3001 - artificial intelligence\week 5\session2\template v5\template\intermediate\debug\main.obj
c:\users\tom\onedrive\documents\courses\game3001 - artificial intelligence\week 5\session2\template v5\template\intermediate\debug\label.obj
c:\users\tom\onedrive\documents\courses\game3001 - artificial intelligence\week 5\session2\template v5\template\intermediate\debug\gameobject.obj
c:\users\tom\onedrive\documents\courses\game3001 - artificial intelligence\week 5\session2\template v5\template\intermediate\debug\game.obj
c:\users\tom\onedrive\documents\courses\game3001 - artificial intelligence\week 5\session2\template v5\template\intermediate\debug\fontmanager.obj
c:\users\tom\onedrive\documents\courses\game3001 - artificial intelligence\week 5\session2\template v5\template\intermediate\debug\collisionmanager.obj
c:\users\tom\onedrive\documents\courses\game3001 - artificial intelligence\week 5\session2\template v5\template\intermediate\debug\imgui_sdl.obj
c:\users\tom\onedrive\documents\courses\game3001 - artificial intelligence\week 5\session2\template v5\template\intermediate\debug\imgui_widgets.obj
c:\users\tom\onedrive\documents\courses\game3001 - artificial intelligence\week 5\session2\template v5\template\intermediate\debug\imgui_draw.obj
c:\users\tom\onedrive\documents\courses\game3001 - artificial intelligence\week 5\session2\template v5\template\intermediate\debug\imgui_demo.obj
c:\users\tom\onedrive\documents\courses\game3001 - artificial intelligence\week 5\session2\template v5\template\intermediate\debug\imgui.obj
c:\users\tom\onedrive\documents\courses\game3001 - artificial intelligence\week 5\session2\template v5\template\intermediate\debug\scene.obj
c:\users\tom\onedrive\documents\courses\game3001 - artificial intelligence\week 5\session2\template v5\template\intermediate\debug\startscene.obj
c:\users\tom\onedrive\documents\courses\game3001 - artificial intelligence\week 5\session2\template v5\template\intermediate\debug\playscene.obj
c:\users\tom\onedrive\documents\courses\game3001 - artificial intelligence\week 5\session2\template v5\template\intermediate\debug\endscene.obj
c:\users\tom\onedrive\documents\courses\game3001 - artificial intelligence\week 5\session2\template v5\bin\debug\template.pdb
c:\users\tom\onedrive\documents\courses\game3001 - artificial intelligence\week 5\session2\template v5\template\intermediate\debug\template.tlog\cl.command.1.tlog
c:\users\tom\onedrive\documents\courses\game3001 - artificial intelligence\week 5\session2\template v5\template\intermediate\debug\template.tlog\cl.read.1.tlog
c:\users\tom\onedrive\documents\courses\game3001 - artificial intelligence\week 5\session2\template v5\template\intermediate\debug\template.tlog\cl.write.1.tlog
c:\users\tom\onedrive\documents\courses\game3001 - artificial intelligence\week 5\session2\template v5\template\intermediate\debug\template.tlog\link.19472-cvtres.read.1.tlog
c:\users\tom\onedrive\documents\courses\game3001 - artificial intelligence\week 5\session2\template v5\template\intermediate\debug\template.tlog\link.19472-cvtres.write.1.tlog
c:\users\tom\onedrive\documents\courses\game3001 - artificial intelligence\week 5\session2\template v5\template\intermediate\debug\template.tlog\link.19472-rc.read.1.tlog
c:\users\tom\onedrive\documents\courses\game3001 - artificial intelligence\week 5\session2\template v5\template\intermediate\debug\template.tlog\link.19472-rc.write.1.tlog
c:\users\tom\onedrive\documents\courses\game3001 - artificial intelligence\week 5\session2\template v5\template\intermediate\debug\template.tlog\link.19472.read.1.tlog
c:\users\tom\onedrive\documents\courses\game3001 - artificial intelligence\week 5\session2\template v5\template\intermediate\debug\template.tlog\link.19472.write.1.tlog
c:\users\tom\onedrive\documents\courses\game3001 - artificial intelligence\week 5\session2\template v5\template\intermediate\debug\template.tlog\link.command.1.tlog
c:\users\tom\onedrive\documents\courses\game3001 - artificial intelligence\week 5\session2\template v5\template\intermediate\debug\template.tlog\link.read.1.tlog
c:\users\tom\onedrive\documents\courses\game3001 - artificial intelligence\week 5\session2\template v5\template\intermediate\debug\template.tlog\link.write.1.tlog
